c:\workspace\github\mudgameproject\intermediate\x64\debug\engine\engine.pch
c:\workspace\github\mudgameproject\intermediate\x64\debug\engine\vc143.pdb
c:\workspace\github\mudgameproject\intermediate\x64\debug\engine\vc143.idb
c:\workspace\github\mudgameproject\intermediate\x64\debug\engine\precompiledheader.obj
c:\workspace\github\mudgameproject\intermediate\x64\debug\engine\timer.obj
c:\workspace\github\mudgameproject\intermediate\x64\debug\engine\main.obj
c:\workspace\github\mudgameproject\intermediate\x64\debug\engine\level.obj
c:\workspace\github\mudgameproject\intermediate\x64\debug\engine\vector2.obj
c:\workspace\github\mudgameproject\intermediate\x64\debug\engine\engine.obj
c:\workspace\github\mudgameproject\intermediate\x64\debug\engine\drawableactor.obj
c:\workspace\github\mudgameproject\intermediate\x64\debug\engine\actor.obj
c:\workspace\github\mudgameproject\bin\x64\debug\engine\engine.dll
c:\workspace\github\mudgameproject\bin\x64\debug\engine\engine.pdb
c:\workspace\github\mudgameproject\bin\x64\debug\engine\engine.lib
c:\workspace\github\mudgameproject\bin\x64\debug\engine\engine.exp
c:\workspace\github\mudgameproject\intermediate\x64\debug\engine\engine.ilk
c:\workspace\github\mudgameproject\intermediate\x64\debug\engine\engine.vcxproj.filelistabsolute.txt
c:\workspace\github\mudgameproject\intermediate\x64\debug\engine\engine.tlog\cl.command.1.tlog
c:\workspace\github\mudgameproject\intermediate\x64\debug\engine\engine.tlog\cl.items.tlog
c:\workspace\github\mudgameproject\intermediate\x64\debug\engine\engine.tlog\cl.read.1.tlog
c:\workspace\github\mudgameproject\intermediate\x64\debug\engine\engine.tlog\cl.write.1.tlog
c:\workspace\github\mudgameproject\intermediate\x64\debug\engine\engine.tlog\link.command.1.tlog
c:\workspace\github\mudgameproject\intermediate\x64\debug\engine\engine.tlog\link.read.1.tlog
c:\workspace\github\mudgameproject\intermediate\x64\debug\engine\engine.tlog\link.secondary.1.tlog
c:\workspace\github\mudgameproject\intermediate\x64\debug\engine\engine.tlog\link.write.1.tlog
