c:\workspace\github\mudgameproject\intermediate\x64\debug\mudgame\vc143.pdb
c:\workspace\github\mudgameproject\intermediate\x64\debug\mudgame\vc143.idb
c:\workspace\github\mudgameproject\intermediate\x64\debug\mudgame\menulevel.obj
c:\workspace\github\mudgameproject\intermediate\x64\debug\mudgame\main.obj
c:\workspace\github\mudgameproject\intermediate\x64\debug\mudgame\mainlevel.obj
c:\workspace\github\mudgameproject\intermediate\x64\debug\mudgame\ground.obj
c:\workspace\github\mudgameproject\intermediate\x64\debug\mudgame\game.obj
c:\workspace\github\mudgameproject\intermediate\x64\debug\mudgame\tree.obj
c:\workspace\github\mudgameproject\intermediate\x64\debug\mudgame\player.obj
c:\workspace\github\mudgameproject\intermediate\x64\debug\mudgame\wood.obj
c:\workspace\github\mudgameproject\intermediate\x64\debug\mudgame\item.obj
c:\workspace\github\mudgameproject\intermediate\x64\debug\mudgame\animal.obj
c:\workspace\github\mudgameproject\intermediate\x64\debug\mudgame\weapon.obj
c:\workspace\github\mudgameproject\intermediate\x64\debug\mudgame\knife.obj
c:\workspace\github\mudgameproject\intermediate\x64\debug\mudgame\mudgame.ilk
c:\workspace\github\mudgameproject\bin\x64\debug\mudgame\mudgame.pdb
c:\workspace\github\mudgameproject\bin\x64\debug\mudgame\mudgame.exe
c:\workspace\github\mudgameproject\intermediate\x64\debug\mudgame\mudgame.vcxproj.filelistabsolute.txt
c:\workspace\github\mudgameproject\intermediate\x64\debug\mudgame\mudgame.tlog\cl.command.1.tlog
c:\workspace\github\mudgameproject\intermediate\x64\debug\mudgame\mudgame.tlog\cl.items.tlog
c:\workspace\github\mudgameproject\intermediate\x64\debug\mudgame\mudgame.tlog\cl.read.1.tlog
c:\workspace\github\mudgameproject\intermediate\x64\debug\mudgame\mudgame.tlog\cl.write.1.tlog
c:\workspace\github\mudgameproject\intermediate\x64\debug\mudgame\mudgame.tlog\link.command.1.tlog
c:\workspace\github\mudgameproject\intermediate\x64\debug\mudgame\mudgame.tlog\link.read.1.tlog
c:\workspace\github\mudgameproject\intermediate\x64\debug\mudgame\mudgame.tlog\link.secondary.1.tlog
c:\workspace\github\mudgameproject\intermediate\x64\debug\mudgame\mudgame.tlog\link.write.1.tlog
