  C:\Workspace\Github\MudGameProject\Lib\Engine.dll
  1개 파일이 복사되었습니다.
  Active code page: 65001
  Item.cpp
  Weapon.cpp
  Wood.cpp
C:\Workspace\Github\MudGameProject\MudGame\Actor\Item\Weapon.cpp(4,1): error C2512: 'Item': 사용할 수 있는 적절한 기본 생성자가 없습니다.
      C:\Workspace\Github\MudGameProject\MudGame\Actor\Item\Item.h(13,7):
      'Item' 선언을 참조하십시오.
  
C:\Workspace\Github\MudGameProject\MudGame\Actor\Item\Weapon.cpp(7,10): error C2600: 'Weapon::~Weapon': 컴파일러 생성 특수 멤버 함수를 정의할 수 없습니다. 먼저 클래스에 선언해야 합니다.
C:\Workspace\Github\MudGameProject\MudGame\Actor\Item\Wood.cpp(4,1): error C2512: 'Item': 사용할 수 있는 적절한 기본 생성자가 없습니다.
      C:\Workspace\Github\MudGameProject\MudGame\Actor\Item\Item.h(13,7):
      'Item' 선언을 참조하십시오.
  
C:\Workspace\Github\MudGameProject\MudGame\Actor\Item\Wood.cpp(7,13): warning C4267: '초기화 중': 'size_t'에서 'int'(으)로 변환하면서 데이터가 손실될 수 있습니다.
  Player.cpp
  Tree.cpp
  Game.cpp
  MainLevel.cpp
  Main.cpp
  MenuLevel.cpp
  코드를 생성하고 있습니다...
